2026-04-13 03:01:32 +0000 [MT] Initial pipeline context: <IDEDistributionProcessingPipelineContext: 0xaf84fcc00; archive(resolved)="<IDEArchive: 0xaf8558230>", distributionTask(resolved)="2", distributionDestination(resolved)="1", distributionMethod(resolved)="<IDEDistributionMethodiOSAdHoc: 0xaf840b070>", team(resolved)="<IDEProvisioningBasicTeam: 0xaf85707c0; teamID='B2LAVCCYQM', teamName='(null)'>">
	Chain (14, self inclusive):
	<IDEDistributionProcessingPipelineContext: 0xaf84fcc00; archive = "<IDEArchive: 0xaf8558230>", distributionMethod="<IDEDistributionMethodiOSAdHoc: 0xaf840b070>", team="<IDEProvisioningBasicTeam: 0xaf85707c0; teamID='B2LAVCCYQM', teamName='(null)'>">
	<IDEDistributionProcessingPipelineContext: 0xaf84fde00; archive = "<IDEArchive: 0xaf8558230>", distributionMethod="<IDEDistributionMethodiOSAdHoc: 0xaf840b070>", team="<IDEProvisioningBasicTeam: 0xaf85707c0; teamID='B2LAVCCYQM', teamName='(null)'>">
	<IDEDistributionContext: 0xaf85d6800; archive = "<IDEArchive: 0xaf8558230>", distributionMethod="<IDEDistributionMethodiOSAdHoc: 0xaf840b070>", team="<IDEProvisioningBasicTeam: 0xaf85707c0; teamID='B2LAVCCYQM', teamName='(null)'>">
	<IDEDistributionContext: 0xaf85d5680; archive = "<IDEArchive: 0xaf8558230>", distributionMethod="<IDEDistributionMethodiOSAdHoc: 0xaf840b070>", team="<IDEProvisioningBasicTeam: 0xaf85707c0; teamID='B2LAVCCYQM', teamName='(null)'>">
	<IDEDistributionContext: 0xaf85d5400; archive = "<IDEArchive: 0xaf8558230>", distributionMethod="<IDEDistributionMethodiOSAdHoc: 0xaf840b070>", team="<IDEProvisioningBasicTeam: 0xaf85707c0; teamID='B2LAVCCYQM', teamName='(null)'>">
	<IDEDistributionContext: 0xaf85d5180; archive = "<IDEArchive: 0xaf8558230>", distributionMethod="<IDEDistributionMethodiOSAdHoc: 0xaf840b070>", team="<IDEProvisioningBasicTeam: 0xaf85707c0; teamID='B2LAVCCYQM', teamName='(null)'>">
	<IDEDistributionContext: 0xaf85d4f00; archive = "<IDEArchive: 0xaf8558230>", distributionMethod="<IDEDistributionMethodiOSAdHoc: 0xaf840b070>", team="<IDEProvisioningBasicTeam: 0xaf85707c0; teamID='B2LAVCCYQM', teamName='(null)'>">
	<IDEDistributionContext: 0xaf85d4c80; archive = "<IDEArchive: 0xaf8558230>", distributionMethod="<IDEDistributionMethodiOSAdHoc: 0xaf840b070>", team="<IDEProvisioningBasicTeam: 0xaf85707c0; teamID='B2LAVCCYQM', teamName='(null)'>">
	<IDEDistributionContext: 0xaf85d4a00; archive = "<IDEArchive: 0xaf8558230>", distributionMethod="<IDEDistributionMethodiOSAdHoc: 0xaf840b070>", team="<IDEProvisioningBasicTeam: 0xaf85707c0; teamID='B2LAVCCYQM', teamName='(null)'>">
	<IDEDistributionContext: 0xaf85d4780; archive = "<IDEArchive: 0xaf8558230>", distributionMethod="<IDEDistributionMethodiOSAdHoc: 0xaf840b070>", team="(null)">
	<IDEDistributionContext: 0xaf85d4500; archive = "<IDEArchive: 0xaf8558230>", distributionMethod="<IDEDistributionMethodiOSAdHoc: 0xaf840b070>", team="(null)">
	<IDEDistributionContext: 0xaf85d4280; archive = "<IDEArchive: 0xaf8558230>", distributionMethod="<IDEDistributionMethodiOSAdHoc: 0xaf840b070>", team="(null)">
	<IDEDistributionContext: 0xaf85d4000; archive = "<IDEArchive: 0xaf8558230>", distributionMethod="<IDEDistributionMethodiOSAdHoc: 0xaf840b070>", team="(null)">
	<IDEDistributionContext: 0x103060c90; archive = "<IDEArchive: 0xaf8558230>", distributionMethod="(null)", team="(null)">
</IDEDistributionProcessingPipelineContext: 0xaf84fcc00>
2026-04-13 03:01:32 +0000 [MT] Processing step: IDEDistributionCreateDestRootStep
2026-04-13 03:01:32 +0000 [MT] Processing step: IDEDistributionCopyItemStep
2026-04-13 03:01:32 +0000 [MT] Running /usr/bin/ditto '-V' '/Users/ylliu/Desktop/开发/WeItems/build/WeItems.xcarchive/Products/Applications/WeItems.app' '/var/folders/7r/n5wv_5sj0zq7xcv28gpjf3bh0000gn/T/XcodeDistPipeline.~~~gihTJX/Root/Payload/WeItems.app'
2026-04-13 03:01:32 +0000  >>> Copying /Users/ylliu/Desktop/开发/WeItems/build/WeItems.xcarchive/Products/Applications/WeItems.app 
2026-04-13 03:01:32 +0000  copying file ./_CodeSignature/CodeResources ... 
2026-04-13 03:01:32 +0000  3195 bytes for ./_CodeSignature/CodeResources
2026-04-13 03:01:32 +0000  copying file ./VIP.storekit ... 
2026-04-13 03:01:32 +0000  1265 bytes for ./VIP.storekit
2026-04-13 03:01:32 +0000  copying file ./AppIcon60x60@2x.png ... 
2026-04-13 03:01:32 +0000  36457 bytes for ./AppIcon60x60@2x.png
2026-04-13 03:01:32 +0000  copying file ./Assets.car ... 
2026-04-13 03:01:32 +0000  12460616 bytes for ./Assets.car
2026-04-13 03:01:32 +0000  copying file ./AppIcon76x76@2x~ipad.png ... 
2026-04-13 03:01:32 +0000  56556 bytes for ./AppIcon76x76@2x~ipad.png
2026-04-13 03:01:32 +0000  copying file ./WeItems ... 
2026-04-13 03:01:32 +0000  4108288 bytes for ./WeItems
2026-04-13 03:01:32 +0000  copying file ./Config.plist ... 
207 bytes for ./Config.plist
copying file ./embedded.mobileprovision ... 
2026-04-13 03:01:32 +0000  15879 bytes for ./embedded.mobileprovision
2026-04-13 03:01:32 +0000  copying file ./Info.plist ... 
2026-04-13 03:01:32 +0000  1604 bytes for ./Info.plist
2026-04-13 03:01:32 +0000  copying file ./PkgInfo ... 
2026-04-13 03:01:32 +0000  8 bytes for ./PkgInfo
2026-04-13 03:01:32 +0000 [MT] /usr/bin/ditto exited with 0
2026-04-13 03:01:32 +0000 [MT] Processing step: IDEDistributionEmbedProfileStep
2026-04-13 03:01:32 +0000 [MT] Processing step: IDEDistributionInfoPlistStep
2026-04-13 03:01:32 +0000 [MT] Skipping step: IDEDistributionInfoPlistStep because it said so
2026-04-13 03:01:32 +0000 [MT] Processing step: IDEDistributionAppThinningPlistStep
2026-04-13 03:01:32 +0000 [MT] Skipping step: IDEDistributionAppThinningPlistStep because it said so
2026-04-13 03:01:32 +0000 [MT] Processing step: IDEDistributionSymbolsStep
2026-04-13 03:01:32 +0000 [MT] Skipping step: IDEDistributionSymbolsStep because it said so
2026-04-13 03:01:32 +0000 [MT] Processing step: IDEDistributionAppThinningStep
2026-04-13 03:01:32 +0000 [MT] Skipping step: IDEDistributionAppThinningStep because it said so
2026-04-13 03:01:32 +0000 [MT] Processing step: IDEDistributionArchThinningStep
2026-04-13 03:01:32 +0000 [MT] Archs to thin for item /Users/ylliu/Desktop/开发/WeItems/build/WeItems.xcarchive/Products/Applications/WeItems.app are []
2026-04-13 03:01:32 +0000 [MT] Processing step: IDEDistributionODRStep
2026-04-13 03:01:32 +0000 [MT] Processing step: IDEDistributionStripXattrsStep
2026-04-13 03:01:32 +0000 [MT] Skipping stripping extended attributes because the codesign step will strip them.
2026-04-13 03:01:32 +0000 [MT] Processing step: IDEDistributionCodesignStep
2026-04-13 03:01:32 +0000 [MT] Entitlements for <IDEDistributionItem: 0xafa77f1e0; bundleID='lyl.WeItems', path='<DVTFilePath:0xafa77d680:'/Users/ylliu/Desktop/开发/WeItems/build/WeItems.xcarchive/Products/Applications/WeItems.app'>', codeSigningInfo='<_DVTCodeSigningInformation_Path: 0xafa77f180; isSigned='1', isAdHocSigned='0', signingCertificate='<DVTSigningCertificate: 0xaf85c43c0; name='Apple Development: CHAOMIN QU (WVXDVA56T3)', hash='B357B73AF3CCA7CCC587C744B6CC9E29100FF5AD', serialNumber='6D672B060C4BF7C70D65E178A1376E5E', certificateKinds='(
    "1.2.840.113635.100.6.1.12",
    "1.2.840.113635.100.6.1.2"
), issueDate='2026-04-12 11:20:22 +0000''>', entitlements='{
    "application-identifier" = "B2LAVCCYQM.lyl.WeItems";
    "com.apple.developer.applesignin" =     (
        Default
    );
    "com.apple.developer.icloud-container-identifiers" =     (
        "iCloud.com.lyl.WeItems"
    );
    "com.apple.developer.icloud-services" =     (
        CloudDocuments
    );
    "com.apple.developer.team-identifier" = B2LAVCCYQM;
    "com.apple.developer.ubiquity-container-identifiers" =     (
        "iCloud.com.lyl.WeItems"
    );
    "com.apple.developer.ubiquity-kvstore-identifier" = "B2LAVCCYQM.lyl.WeItems";
    "get-task-allow" = 1;
}', teamID='B2LAVCCYQM', identifier='lyl.WeItems', executablePath='<DVTFilePath:0xafa77eb80:'/Users/ylliu/Desktop/开发/WeItems/build/WeItems.xcarchive/Products/Applications/WeItems.app/WeItems'>', hardenedRuntime='1'>'>: {
    "application-identifier" = "B2LAVCCYQM.lyl.WeItems";
    "com.apple.developer.applesignin" =     (
        Default
    );
    "com.apple.developer.icloud-container-environment" = Production;
    "com.apple.developer.icloud-container-identifiers" =     (
        "iCloud.com.lyl.WeItems"
    );
    "com.apple.developer.icloud-services" =     (
        CloudDocuments
    );
    "com.apple.developer.team-identifier" = B2LAVCCYQM;
    "com.apple.developer.ubiquity-container-identifiers" =     (
        "iCloud.com.lyl.WeItems"
    );
    "com.apple.developer.ubiquity-kvstore-identifier" = "B2LAVCCYQM.lyl.WeItems";
    "get-task-allow" = 0;
}
2026-04-13 03:01:32 +0000 [MT] Associated App Clip Identifiers Filter: Skipping because "com.apple.developer.associated-appclip-app-identifiers" is not present
2026-04-13 03:01:32 +0000 [MT] Entitlements for <IDEDistributionItem: 0xafa77f1e0; bundleID='lyl.WeItems', path='<DVTFilePath:0xafa77d680:'/Users/ylliu/Desktop/开发/WeItems/build/WeItems.xcarchive/Products/Applications/WeItems.app'>', codeSigningInfo='<_DVTCodeSigningInformation_Path: 0xafa77f180; isSigned='1', isAdHocSigned='0', signingCertificate='<DVTSigningCertificate: 0xaf85c4c00; name='Apple Development: CHAOMIN QU (WVXDVA56T3)', hash='B357B73AF3CCA7CCC587C744B6CC9E29100FF5AD', serialNumber='6D672B060C4BF7C70D65E178A1376E5E', certificateKinds='(
    "1.2.840.113635.100.6.1.12",
    "1.2.840.113635.100.6.1.2"
), issueDate='2026-04-12 11:20:22 +0000''>', entitlements='{
    "application-identifier" = "B2LAVCCYQM.lyl.WeItems";
    "com.apple.developer.applesignin" =     (
        Default
    );
    "com.apple.developer.icloud-container-identifiers" =     (
        "iCloud.com.lyl.WeItems"
    );
    "com.apple.developer.icloud-services" =     (
        CloudDocuments
    );
    "com.apple.developer.team-identifier" = B2LAVCCYQM;
    "com.apple.developer.ubiquity-container-identifiers" =     (
        "iCloud.com.lyl.WeItems"
    );
    "com.apple.developer.ubiquity-kvstore-identifier" = "B2LAVCCYQM.lyl.WeItems";
    "get-task-allow" = 1;
}', teamID='B2LAVCCYQM', identifier='lyl.WeItems', executablePath='<DVTFilePath:0xafa77eb80:'/Users/ylliu/Desktop/开发/WeItems/build/WeItems.xcarchive/Products/Applications/WeItems.app/WeItems'>', hardenedRuntime='1'>'> are: {
    "application-identifier" = "B2LAVCCYQM.lyl.WeItems";
    "com.apple.developer.applesignin" =     (
        Default
    );
    "com.apple.developer.icloud-container-environment" = Production;
    "com.apple.developer.icloud-container-identifiers" =     (
        "iCloud.com.lyl.WeItems"
    );
    "com.apple.developer.icloud-services" =     (
        CloudDocuments
    );
    "com.apple.developer.team-identifier" = B2LAVCCYQM;
    "com.apple.developer.ubiquity-container-identifiers" =     (
        "iCloud.com.lyl.WeItems"
    );
    "com.apple.developer.ubiquity-kvstore-identifier" = "B2LAVCCYQM.lyl.WeItems";
    "get-task-allow" = 0;
}
2026-04-13 03:01:32 +0000 [MT] Writing entitlements for <IDEDistributionItem: 0xafa77f1e0; bundleID='lyl.WeItems', path='<DVTFilePath:0xafa77d680:'/Users/ylliu/Desktop/开发/WeItems/build/WeItems.xcarchive/Products/Applications/WeItems.app'>', codeSigningInfo='<_DVTCodeSigningInformation_Path: 0xafa77f180; isSigned='1', isAdHocSigned='0', signingCertificate='<DVTSigningCertificate: 0xaf85c4c00; name='Apple Development: CHAOMIN QU (WVXDVA56T3)', hash='B357B73AF3CCA7CCC587C744B6CC9E29100FF5AD', serialNumber='6D672B060C4BF7C70D65E178A1376E5E', certificateKinds='(
    "1.2.840.113635.100.6.1.12",
    "1.2.840.113635.100.6.1.2"
), issueDate='2026-04-12 11:20:22 +0000''>', entitlements='{
    "application-identifier" = "B2LAVCCYQM.lyl.WeItems";
    "com.apple.developer.applesignin" =     (
        Default
    );
    "com.apple.developer.icloud-container-identifiers" =     (
        "iCloud.com.lyl.WeItems"
    );
    "com.apple.developer.icloud-services" =     (
        CloudDocuments
    );
    "com.apple.developer.team-identifier" = B2LAVCCYQM;
    "com.apple.developer.ubiquity-container-identifiers" =     (
        "iCloud.com.lyl.WeItems"
    );
    "com.apple.developer.ubiquity-kvstore-identifier" = "B2LAVCCYQM.lyl.WeItems";
    "get-task-allow" = 1;
}', teamID='B2LAVCCYQM', identifier='lyl.WeItems', executablePath='<DVTFilePath:0xafa77eb80:'/Users/ylliu/Desktop/开发/WeItems/build/WeItems.xcarchive/Products/Applications/WeItems.app/WeItems'>', hardenedRuntime='1'>'> to: /var/folders/7r/n5wv_5sj0zq7xcv28gpjf3bh0000gn/T/XcodeDistPipeline.~~~gihTJX/entitlements~~~XwUEc5
2026-04-13 03:01:32 +0000 [MT] invoking codesign: <NSConcreteTask: 0xafa94e580; launchPath='/usr/bin/codesign', arguments='(
    "-f",
    "-s",
    628B822B48760F8269FD66FF5C317AC696B066D2,
    "--entitlements",
    "/var/folders/7r/n5wv_5sj0zq7xcv28gpjf3bh0000gn/T/XcodeDistPipeline.~~~gihTJX/entitlements~~~XwUEc5",
    "--preserve-metadata=identifier,flags,runtime,launch-constraints,library-constraints",
    "--generate-entitlement-der",
    "--strip-disallowed-xattrs",
    "-vvv",
    "/var/folders/7r/n5wv_5sj0zq7xcv28gpjf3bh0000gn/T/XcodeDistPipeline.~~~gihTJX/Root/Payload/WeItems.app"
)'>
2026-04-13 03:01:36 +0000 [MT] codesign output: /var/folders/7r/n5wv_5sj0zq7xcv28gpjf3bh0000gn/T/XcodeDistPipeline.~~~gihTJX/Root/Payload/WeItems.app: replacing existing signature
/var/folders/7r/n5wv_5sj0zq7xcv28gpjf3bh0000gn/T/XcodeDistPipeline.~~~gihTJX/Root/Payload/WeItems.app: signed app bundle with Mach-O thin (arm64) [lyl.WeItems]
2026-04-13 03:01:36 +0000 [MT] Processing step: IDEDistributionZipODRItemStep
2026-04-13 03:01:36 +0000 [MT] Skipping step: IDEDistributionZipODRItemStep because it said so
2026-04-13 03:01:36 +0000 [MT] Processing step: IDEDistributionCreateIPAStep
2026-04-13 03:01:36 +0000 [MT] Running /usr/bin/ditto '-V' '-c' '-k' '--norsrc' '/var/folders/7r/n5wv_5sj0zq7xcv28gpjf3bh0000gn/T/XcodeDistPipeline.~~~gihTJX/Root' '/var/folders/7r/n5wv_5sj0zq7xcv28gpjf3bh0000gn/T/XcodeDistPipeline.~~~gihTJX/Packages/WeItems.ipa'
2026-04-13 03:01:36 +0000  >>> Copying /var/folders/7r/n5wv_5sj0zq7xcv28gpjf3bh0000gn/T/XcodeDistPipeline.~~~gihTJX/Root 
2026-04-13 03:01:36 +0000  copying file ./Payload/WeItems.app/_CodeSignature/CodeResources ... 
2026-04-13 03:01:36 +0000  3195 bytes for ./Payload/WeItems.app/_CodeSignature/CodeResources
2026-04-13 03:01:36 +0000  copying file ./Payload/WeItems.app/VIP.storekit ... 
2026-04-13 03:01:36 +0000  1265 bytes for ./Payload/WeItems.app/VIP.storekit
2026-04-13 03:01:36 +0000  copying file ./Payload/WeItems.app/AppIcon60x60@2x.png ... 
2026-04-13 03:01:36 +0000  36457 bytes for ./Payload/WeItems.app/AppIcon60x60@2x.png
copying file ./Payload/WeItems.app/Assets.car ... 
2026-04-13 03:01:37 +0000  12460616 bytes for ./Payload/WeItems.app/Assets.car
2026-04-13 03:01:37 +0000  copying file ./Payload/WeItems.app/AppIcon76x76@2x~ipad.png ... 
2026-04-13 03:01:37 +0000  56556 bytes for ./Payload/WeItems.app/AppIcon76x76@2x~ipad.png
2026-04-13 03:01:37 +0000  copying file ./Payload/WeItems.app/WeItems ... 
2026-04-13 03:01:37 +0000  4108448 bytes for ./Payload/WeItems.app/WeItems
2026-04-13 03:01:37 +0000  copying file ./Payload/WeItems.app/Config.plist ... 
207 bytes for ./Payload/WeItems.app/Config.plist
copying file ./Payload/WeItems.app/embedded.mobileprovision ... 
2026-04-13 03:01:37 +0000  15919 bytes for ./Payload/WeItems.app/embedded.mobileprovision
copying file ./Payload/WeItems.app/Info.plist ... 
2026-04-13 03:01:37 +0000  1604 bytes for ./Payload/WeItems.app/Info.plist
copying file ./Payload/WeItems.app/PkgInfo ... 
2026-04-13 03:01:37 +0000  8 bytes for ./Payload/WeItems.app/PkgInfo
2026-04-13 03:01:37 +0000 [MT] /usr/bin/ditto exited with 0
2026-04-13 03:01:37 +0000 [MT] Processing step: IDEDistributionAppStoreInformationStep
2026-04-13 03:01:37 +0000 [MT] Skipping step: IDEDistributionAppStoreInformationStep because it said so
2026-04-13 03:01:37 +0000 [MT] Processing step: IDEDistributionGenerateProcessedDistributionItems
2026-04-13 03:01:37 +0000 [MT] IDEDistributionItem init <DVTFilePath:0xafaae85a0:'/var/folders/7r/n5wv_5sj0zq7xcv28gpjf3bh0000gn/T/XcodeDistPipeline.~~~gihTJX/Root/Payload/WeItems.app'>
2026-04-13 03:01:37 +0000 [MT] Processing step: IDEDistributionCreateManifestStep
